<?xml version="1.0" encoding="UTF-8"?>
<robot generator="Robot 4.1.2 (Python 3.10.0 on win32)" generated="20211212 20:57:44.304" rpa="false" schemaversion="2">
<suite id="s1" name="apiDemosStep" source="C:\Users\Asus\Documents\GitHub\belajar-robot-framework-mobile\steps\apiDemosStep.robot">
<test id="s1-t1" name="As a user I want to open API Demos apps">
<kw name="Start Session" library="apiDemosPage" type="SETUP">
<kw name="Set Appium Timeout" library="AppiumLibrary">
<arg>10</arg>
<doc>Sets the timeout in seconds used by various keywords.</doc>
<status status="PASS" starttime="20211212 20:57:44.707" endtime="20211212 20:57:44.708"/>
</kw>
<kw name="Open Application" library="AppiumLibrary">
<arg>http://localhost:4723/wd/hub</arg>
<arg>automationName-=UiAutomator2</arg>
<arg>platformName=Android</arg>
<arg>deviceName=emulator-5554</arg>
<arg>appPackage=io.appium.android.apis</arg>
<arg>appActivity=io.appium.android.apis.ApiDemos</arg>
<arg>autoGrantPermissions=true</arg>
<arg>noReset=true</arg>
<doc>Opens a new application to given Appium server.
Capabilities of appium server, Android and iOS,
Please check https://github.com/appium/appium/blob/master/docs/en/writing-running-appium/server-args.md
| *Option*            | *Man.* | *Description*     |
| remote_url          | Yes    | Appium server url |
| alias               | no     | alias             |</doc>
<status status="PASS" starttime="20211212 20:57:44.708" endtime="20211212 20:57:58.038"/>
</kw>
<kw name="Sleep" library="BuiltIn">
<arg>1</arg>
<doc>Pauses the test executed for the given time.</doc>
<msg timestamp="20211212 20:57:59.040" level="INFO">Slept 1 second</msg>
<status status="PASS" starttime="20211212 20:57:58.038" endtime="20211212 20:57:59.041"/>
</kw>
<status status="PASS" starttime="20211212 20:57:44.707" endtime="20211212 20:57:59.042"/>
</kw>
<kw name="Page Should Contain Text" library="AppiumLibrary">
<arg>Accessibility</arg>
<doc>Verifies that current page contains `text`.</doc>
<msg timestamp="20211212 20:58:00.373" level="INFO">Current page contains text 'Accessibility'.</msg>
<status status="PASS" starttime="20211212 20:57:59.044" endtime="20211212 20:58:00.373"/>
</kw>
<kw name="Tap" library="AppiumLibrary">
<arg>${accessibility}</arg>
<doc>Tap element identified by ``locator``. </doc>
<status status="PASS" starttime="20211212 20:58:00.375" endtime="20211212 20:58:03.665"/>
</kw>
<kw name="Sleep" library="BuiltIn">
<arg>1</arg>
<doc>Pauses the test executed for the given time.</doc>
<msg timestamp="20211212 20:58:04.681" level="INFO">Slept 1 second</msg>
<status status="PASS" starttime="20211212 20:58:03.667" endtime="20211212 20:58:04.681"/>
</kw>
<kw name="Page Should Contain Text" library="AppiumLibrary">
<arg>Accessibility Node Provider</arg>
<doc>Verifies that current page contains `text`.</doc>
<msg timestamp="20211212 20:58:04.966" level="INFO">Current page contains text 'Accessibility Node Provider'.</msg>
<status status="PASS" starttime="20211212 20:58:04.684" endtime="20211212 20:58:04.966"/>
</kw>
<kw name="Sleep" library="BuiltIn">
<arg>1</arg>
<doc>Pauses the test executed for the given time.</doc>
<msg timestamp="20211212 20:58:05.975" level="INFO">Slept 1 second</msg>
<status status="PASS" starttime="20211212 20:58:04.967" endtime="20211212 20:58:05.975"/>
</kw>
<kw name="Capture Page Screenshot" library="AppiumLibrary">
<doc>Takes a screenshot of the current page and embeds it into the log.</doc>
<msg timestamp="20211212 20:58:07.188" level="INFO" html="true">&lt;/td&gt;&lt;/tr&gt;&lt;tr&gt;&lt;td colspan="3"&gt;&lt;a href="appium-screenshot-1.png"&gt;&lt;img src="appium-screenshot-1.png" width="800px"&gt;&lt;/a&gt;</msg>
<status status="PASS" starttime="20211212 20:58:05.978" endtime="20211212 20:58:07.189"/>
</kw>
<kw name="Close Application" library="apiDemosPage" type="TEARDOWN">
<kw name="Capture Page Screenshot" library="AppiumLibrary">
<doc>Takes a screenshot of the current page and embeds it into the log.</doc>
<msg timestamp="20211212 20:58:08.179" level="INFO" html="true">&lt;/td&gt;&lt;/tr&gt;&lt;tr&gt;&lt;td colspan="3"&gt;&lt;a href="appium-screenshot-2.png"&gt;&lt;img src="appium-screenshot-2.png" width="800px"&gt;&lt;/a&gt;</msg>
<status status="PASS" starttime="20211212 20:58:07.193" endtime="20211212 20:58:08.180"/>
</kw>
<kw name="Quit Application" library="AppiumLibrary">
<doc>Quit application. Application can be quit while Appium session is kept alive.
This keyword can be used to close application during test case or between test cases.</doc>
<status status="PASS" starttime="20211212 20:58:08.180" endtime="20211212 20:58:08.614"/>
</kw>
<status status="PASS" starttime="20211212 20:58:07.191" endtime="20211212 20:58:08.615"/>
</kw>
<status status="PASS" starttime="20211212 20:57:44.705" endtime="20211212 20:58:08.616"/>
</test>
<test id="s1-t2" name="As a user I want to validate inside the accessibility node provider should showing enable talkback setting">
<kw name="Start Session" library="apiDemosPage" type="SETUP">
<kw name="Set Appium Timeout" library="AppiumLibrary">
<arg>10</arg>
<doc>Sets the timeout in seconds used by various keywords.</doc>
<status status="PASS" starttime="20211212 20:58:08.624" endtime="20211212 20:58:08.625"/>
</kw>
<kw name="Open Application" library="AppiumLibrary">
<arg>http://localhost:4723/wd/hub</arg>
<arg>automationName-=UiAutomator2</arg>
<arg>platformName=Android</arg>
<arg>deviceName=emulator-5554</arg>
<arg>appPackage=io.appium.android.apis</arg>
<arg>appActivity=io.appium.android.apis.ApiDemos</arg>
<arg>autoGrantPermissions=true</arg>
<arg>noReset=true</arg>
<doc>Opens a new application to given Appium server.
Capabilities of appium server, Android and iOS,
Please check https://github.com/appium/appium/blob/master/docs/en/writing-running-appium/server-args.md
| *Option*            | *Man.* | *Description*     |
| remote_url          | Yes    | Appium server url |
| alias               | no     | alias             |</doc>
<status status="PASS" starttime="20211212 20:58:08.625" endtime="20211212 20:58:24.011"/>
</kw>
<kw name="Sleep" library="BuiltIn">
<arg>1</arg>
<doc>Pauses the test executed for the given time.</doc>
<msg timestamp="20211212 20:58:25.020" level="INFO">Slept 1 second</msg>
<status status="PASS" starttime="20211212 20:58:24.011" endtime="20211212 20:58:25.020"/>
</kw>
<status status="PASS" starttime="20211212 20:58:08.623" endtime="20211212 20:58:25.021"/>
</kw>
<kw name="Tap Accessibility" library="apiDemosPage">
<kw name="Tap" library="AppiumLibrary">
<arg>${accessibility}</arg>
<doc>Tap element identified by ``locator``. </doc>
<status status="PASS" starttime="20211212 20:58:25.026" endtime="20211212 20:58:27.136"/>
</kw>
<status status="PASS" starttime="20211212 20:58:25.024" endtime="20211212 20:58:27.137"/>
</kw>
<kw name="Sleep" library="BuiltIn">
<arg>1</arg>
<doc>Pauses the test executed for the given time.</doc>
<msg timestamp="20211212 20:58:28.148" level="INFO">Slept 1 second</msg>
<status status="PASS" starttime="20211212 20:58:27.139" endtime="20211212 20:58:28.150"/>
</kw>
<kw name="Tap Accessibility Node Provider" library="apiDemosPage">
<kw name="Tap" library="AppiumLibrary">
<arg>${accessibility_node_provider}</arg>
<doc>Tap element identified by ``locator``. </doc>
<status status="PASS" starttime="20211212 20:58:28.153" endtime="20211212 20:58:29.940"/>
</kw>
<status status="PASS" starttime="20211212 20:58:28.151" endtime="20211212 20:58:29.942"/>
</kw>
<kw name="Page Should Contain Text" library="AppiumLibrary">
<arg>Enable TalkBack and Explore-by-touch from accessibility settings. Then touch the colored squares.</arg>
<doc>Verifies that current page contains `text`.</doc>
<msg timestamp="20211212 20:58:30.246" level="INFO">Current page contains text 'Enable TalkBack and Explore-by-touch from accessibility settings. Then touch the colored squares.'.</msg>
<status status="PASS" starttime="20211212 20:58:29.944" endtime="20211212 20:58:30.247"/>
</kw>
<kw name="Capture Page Screenshot" library="AppiumLibrary">
<doc>Takes a screenshot of the current page and embeds it into the log.</doc>
<msg timestamp="20211212 20:58:31.503" level="INFO" html="true">&lt;/td&gt;&lt;/tr&gt;&lt;tr&gt;&lt;td colspan="3"&gt;&lt;a href="appium-screenshot-3.png"&gt;&lt;img src="appium-screenshot-3.png" width="800px"&gt;&lt;/a&gt;</msg>
<status status="PASS" starttime="20211212 20:58:30.249" endtime="20211212 20:58:31.504"/>
</kw>
<kw name="Close Application" library="apiDemosPage" type="TEARDOWN">
<kw name="Capture Page Screenshot" library="AppiumLibrary">
<doc>Takes a screenshot of the current page and embeds it into the log.</doc>
<msg timestamp="20211212 20:58:32.419" level="INFO" html="true">&lt;/td&gt;&lt;/tr&gt;&lt;tr&gt;&lt;td colspan="3"&gt;&lt;a href="appium-screenshot-4.png"&gt;&lt;img src="appium-screenshot-4.png" width="800px"&gt;&lt;/a&gt;</msg>
<status status="PASS" starttime="20211212 20:58:31.508" endtime="20211212 20:58:32.420"/>
</kw>
<kw name="Quit Application" library="AppiumLibrary">
<doc>Quit application. Application can be quit while Appium session is kept alive.
This keyword can be used to close application during test case or between test cases.</doc>
<status status="PASS" starttime="20211212 20:58:32.420" endtime="20211212 20:58:33.020"/>
</kw>
<status status="PASS" starttime="20211212 20:58:31.506" endtime="20211212 20:58:33.020"/>
</kw>
<status status="PASS" starttime="20211212 20:58:08.620" endtime="20211212 20:58:33.021"/>
</test>
<test id="s1-t3" name="As a user I want to validate inside the accessibility node Querying">
<kw name="Start Session" library="apiDemosPage" type="SETUP">
<kw name="Set Appium Timeout" library="AppiumLibrary">
<arg>10</arg>
<doc>Sets the timeout in seconds used by various keywords.</doc>
<status status="PASS" starttime="20211212 20:58:33.026" endtime="20211212 20:58:33.026"/>
</kw>
<kw name="Open Application" library="AppiumLibrary">
<arg>http://localhost:4723/wd/hub</arg>
<arg>automationName-=UiAutomator2</arg>
<arg>platformName=Android</arg>
<arg>deviceName=emulator-5554</arg>
<arg>appPackage=io.appium.android.apis</arg>
<arg>appActivity=io.appium.android.apis.ApiDemos</arg>
<arg>autoGrantPermissions=true</arg>
<arg>noReset=true</arg>
<doc>Opens a new application to given Appium server.
Capabilities of appium server, Android and iOS,
Please check https://github.com/appium/appium/blob/master/docs/en/writing-running-appium/server-args.md
| *Option*            | *Man.* | *Description*     |
| remote_url          | Yes    | Appium server url |
| alias               | no     | alias             |</doc>
<status status="PASS" starttime="20211212 20:58:33.027" endtime="20211212 20:58:48.026"/>
</kw>
<kw name="Sleep" library="BuiltIn">
<arg>1</arg>
<doc>Pauses the test executed for the given time.</doc>
<msg timestamp="20211212 20:58:49.037" level="INFO">Slept 1 second</msg>
<status status="PASS" starttime="20211212 20:58:48.026" endtime="20211212 20:58:49.038"/>
</kw>
<status status="PASS" starttime="20211212 20:58:33.025" endtime="20211212 20:58:49.038"/>
</kw>
<kw name="Tap Accessibility" library="apiDemosPage">
<kw name="Tap" library="AppiumLibrary">
<arg>${accessibility}</arg>
<doc>Tap element identified by ``locator``. </doc>
<status status="PASS" starttime="20211212 20:58:49.043" endtime="20211212 20:58:51.376"/>
</kw>
<status status="PASS" starttime="20211212 20:58:49.041" endtime="20211212 20:58:51.376"/>
</kw>
<kw name="Sleep" library="BuiltIn">
<arg>1</arg>
<doc>Pauses the test executed for the given time.</doc>
<msg timestamp="20211212 20:58:52.390" level="INFO">Slept 1 second</msg>
<status status="PASS" starttime="20211212 20:58:51.378" endtime="20211212 20:58:52.390"/>
</kw>
<kw name="Tap Accessibility Node Querying" library="apiDemosPage">
<kw name="Tap" library="AppiumLibrary">
<arg>${accessibility_node_querying}</arg>
<doc>Tap element identified by ``locator``. </doc>
<status status="PASS" starttime="20211212 20:58:52.393" endtime="20211212 20:58:54.277"/>
</kw>
<status status="PASS" starttime="20211212 20:58:52.392" endtime="20211212 20:58:54.278"/>
</kw>
<kw name="Page Should Contain Text" library="AppiumLibrary">
<arg>Take out Trash</arg>
<doc>Verifies that current page contains `text`.</doc>
<msg timestamp="20211212 20:58:54.979" level="INFO">Current page contains text 'Take out Trash'.</msg>
<status status="PASS" starttime="20211212 20:58:54.280" endtime="20211212 20:58:54.979"/>
</kw>
<kw name="Capture Page Screenshot" library="AppiumLibrary">
<doc>Takes a screenshot of the current page and embeds it into the log.</doc>
<msg timestamp="20211212 20:58:55.971" level="INFO" html="true">&lt;/td&gt;&lt;/tr&gt;&lt;tr&gt;&lt;td colspan="3"&gt;&lt;a href="appium-screenshot-5.png"&gt;&lt;img src="appium-screenshot-5.png" width="800px"&gt;&lt;/a&gt;</msg>
<status status="PASS" starttime="20211212 20:58:54.982" endtime="20211212 20:58:55.972"/>
</kw>
<kw name="Close Application" library="apiDemosPage" type="TEARDOWN">
<kw name="Capture Page Screenshot" library="AppiumLibrary">
<doc>Takes a screenshot of the current page and embeds it into the log.</doc>
<msg timestamp="20211212 20:58:56.898" level="INFO" html="true">&lt;/td&gt;&lt;/tr&gt;&lt;tr&gt;&lt;td colspan="3"&gt;&lt;a href="appium-screenshot-6.png"&gt;&lt;img src="appium-screenshot-6.png" width="800px"&gt;&lt;/a&gt;</msg>
<status status="PASS" starttime="20211212 20:58:55.975" endtime="20211212 20:58:56.898"/>
</kw>
<kw name="Quit Application" library="AppiumLibrary">
<doc>Quit application. Application can be quit while Appium session is kept alive.
This keyword can be used to close application during test case or between test cases.</doc>
<status status="PASS" starttime="20211212 20:58:56.898" endtime="20211212 20:58:57.214"/>
</kw>
<status status="PASS" starttime="20211212 20:58:55.973" endtime="20211212 20:58:57.215"/>
</kw>
<status status="PASS" starttime="20211212 20:58:33.023" endtime="20211212 20:58:57.217"/>
</test>
<test id="s1-t4" name="As a user I want to validate inside the accessibility node service">
<kw name="Start Session" library="apiDemosPage" type="SETUP">
<kw name="Set Appium Timeout" library="AppiumLibrary">
<arg>10</arg>
<doc>Sets the timeout in seconds used by various keywords.</doc>
<status status="PASS" starttime="20211212 20:58:57.227" endtime="20211212 20:58:57.227"/>
</kw>
<kw name="Open Application" library="AppiumLibrary">
<arg>http://localhost:4723/wd/hub</arg>
<arg>automationName-=UiAutomator2</arg>
<arg>platformName=Android</arg>
<arg>deviceName=emulator-5554</arg>
<arg>appPackage=io.appium.android.apis</arg>
<arg>appActivity=io.appium.android.apis.ApiDemos</arg>
<arg>autoGrantPermissions=true</arg>
<arg>noReset=true</arg>
<doc>Opens a new application to given Appium server.
Capabilities of appium server, Android and iOS,
Please check https://github.com/appium/appium/blob/master/docs/en/writing-running-appium/server-args.md
| *Option*            | *Man.* | *Description*     |
| remote_url          | Yes    | Appium server url |
| alias               | no     | alias             |</doc>
<status status="PASS" starttime="20211212 20:58:57.228" endtime="20211212 20:59:12.488"/>
</kw>
<kw name="Sleep" library="BuiltIn">
<arg>1</arg>
<doc>Pauses the test executed for the given time.</doc>
<msg timestamp="20211212 20:59:13.498" level="INFO">Slept 1 second</msg>
<status status="PASS" starttime="20211212 20:59:12.488" endtime="20211212 20:59:13.498"/>
</kw>
<status status="PASS" starttime="20211212 20:58:57.225" endtime="20211212 20:59:13.499"/>
</kw>
<kw name="Tap Accessibility" library="apiDemosPage">
<kw name="Tap" library="AppiumLibrary">
<arg>${accessibility}</arg>
<doc>Tap element identified by ``locator``. </doc>
<status status="PASS" starttime="20211212 20:59:13.504" endtime="20211212 20:59:15.956"/>
</kw>
<status status="PASS" starttime="20211212 20:59:13.501" endtime="20211212 20:59:15.957"/>
</kw>
<kw name="Sleep" library="BuiltIn">
<arg>1</arg>
<doc>Pauses the test executed for the given time.</doc>
<msg timestamp="20211212 20:59:16.973" level="INFO">Slept 1 second</msg>
<status status="PASS" starttime="20211212 20:59:15.958" endtime="20211212 20:59:16.974"/>
</kw>
<kw name="Tap Accessibility service" library="apiDemosPage">
<kw name="Tap" library="AppiumLibrary">
<arg>${accessibility_service}</arg>
<doc>Tap element identified by ``locator``. </doc>
<status status="PASS" starttime="20211212 20:59:16.978" endtime="20211212 20:59:18.738"/>
</kw>
<status status="PASS" starttime="20211212 20:59:16.976" endtime="20211212 20:59:18.739"/>
</kw>
<kw name="Sleep" library="BuiltIn">
<arg>1</arg>
<doc>Pauses the test executed for the given time.</doc>
<msg timestamp="20211212 20:59:19.747" level="INFO">Slept 1 second</msg>
<status status="PASS" starttime="20211212 20:59:18.741" endtime="20211212 20:59:19.748"/>
</kw>
<kw name="Capture Page Screenshot" library="AppiumLibrary">
<doc>Takes a screenshot of the current page and embeds it into the log.</doc>
<msg timestamp="20211212 20:59:21.185" level="INFO" html="true">&lt;/td&gt;&lt;/tr&gt;&lt;tr&gt;&lt;td colspan="3"&gt;&lt;a href="appium-screenshot-7.png"&gt;&lt;img src="appium-screenshot-7.png" width="800px"&gt;&lt;/a&gt;</msg>
<status status="PASS" starttime="20211212 20:59:19.751" endtime="20211212 20:59:21.186"/>
</kw>
<kw name="Close Application" library="apiDemosPage" type="TEARDOWN">
<kw name="Capture Page Screenshot" library="AppiumLibrary">
<doc>Takes a screenshot of the current page and embeds it into the log.</doc>
<msg timestamp="20211212 20:59:22.193" level="INFO" html="true">&lt;/td&gt;&lt;/tr&gt;&lt;tr&gt;&lt;td colspan="3"&gt;&lt;a href="appium-screenshot-8.png"&gt;&lt;img src="appium-screenshot-8.png" width="800px"&gt;&lt;/a&gt;</msg>
<status status="PASS" starttime="20211212 20:59:21.190" endtime="20211212 20:59:22.193"/>
</kw>
<kw name="Quit Application" library="AppiumLibrary">
<doc>Quit application. Application can be quit while Appium session is kept alive.
This keyword can be used to close application during test case or between test cases.</doc>
<status status="PASS" starttime="20211212 20:59:22.193" endtime="20211212 20:59:22.711"/>
</kw>
<status status="PASS" starttime="20211212 20:59:21.188" endtime="20211212 20:59:22.711"/>
</kw>
<status status="PASS" starttime="20211212 20:58:57.222" endtime="20211212 20:59:22.712"/>
</test>
<test id="s1-t5" name="As a user I want to validate inside the custom view">
<kw name="Start Session" library="apiDemosPage" type="SETUP">
<kw name="Set Appium Timeout" library="AppiumLibrary">
<arg>10</arg>
<doc>Sets the timeout in seconds used by various keywords.</doc>
<status status="PASS" starttime="20211212 20:59:22.719" endtime="20211212 20:59:22.720"/>
</kw>
<kw name="Open Application" library="AppiumLibrary">
<arg>http://localhost:4723/wd/hub</arg>
<arg>automationName-=UiAutomator2</arg>
<arg>platformName=Android</arg>
<arg>deviceName=emulator-5554</arg>
<arg>appPackage=io.appium.android.apis</arg>
<arg>appActivity=io.appium.android.apis.ApiDemos</arg>
<arg>autoGrantPermissions=true</arg>
<arg>noReset=true</arg>
<doc>Opens a new application to given Appium server.
Capabilities of appium server, Android and iOS,
Please check https://github.com/appium/appium/blob/master/docs/en/writing-running-appium/server-args.md
| *Option*            | *Man.* | *Description*     |
| remote_url          | Yes    | Appium server url |
| alias               | no     | alias             |</doc>
<status status="PASS" starttime="20211212 20:59:22.720" endtime="20211212 20:59:37.629"/>
</kw>
<kw name="Sleep" library="BuiltIn">
<arg>1</arg>
<doc>Pauses the test executed for the given time.</doc>
<msg timestamp="20211212 20:59:38.644" level="INFO">Slept 1 second</msg>
<status status="PASS" starttime="20211212 20:59:37.629" endtime="20211212 20:59:38.645"/>
</kw>
<status status="PASS" starttime="20211212 20:59:22.718" endtime="20211212 20:59:38.647"/>
</kw>
<kw name="Tap Accessibility" library="apiDemosPage">
<kw name="Tap" library="AppiumLibrary">
<arg>${accessibility}</arg>
<doc>Tap element identified by ``locator``. </doc>
<status status="PASS" starttime="20211212 20:59:38.652" endtime="20211212 20:59:40.924"/>
</kw>
<status status="PASS" starttime="20211212 20:59:38.649" endtime="20211212 20:59:40.925"/>
</kw>
<kw name="Sleep" library="BuiltIn">
<arg>1</arg>
<doc>Pauses the test executed for the given time.</doc>
<msg timestamp="20211212 20:59:41.937" level="INFO">Slept 1 second</msg>
<status status="PASS" starttime="20211212 20:59:40.926" endtime="20211212 20:59:41.937"/>
</kw>
<kw name="Tap Custom View" library="apiDemosPage">
<kw name="Tap" library="AppiumLibrary">
<arg>${custom_view}</arg>
<doc>Tap element identified by ``locator``. </doc>
<msg timestamp="20211212 20:59:41.944" level="FAIL">Variable '${custom_view}' not found.</msg>
<status status="FAIL" starttime="20211212 20:59:41.939" endtime="20211212 20:59:41.944"/>
</kw>
<status status="FAIL" starttime="20211212 20:59:41.939" endtime="20211212 20:59:41.947"/>
</kw>
<kw name="Sleep" library="BuiltIn">
<arg>1</arg>
<doc>Pauses the test executed for the given time.</doc>
<status status="NOT RUN" starttime="20211212 20:59:41.948" endtime="20211212 20:59:41.948"/>
</kw>
<kw name="Page Should Contain Text" library="AppiumLibrary">
<arg>1. Enable TalkBack (Settings -&gt; Accessibility -&gt; TalkBack)</arg>
<doc>Verifies that current page contains `text`.</doc>
<status status="NOT RUN" starttime="20211212 20:59:41.949" endtime="20211212 20:59:41.950"/>
</kw>
<kw name="Capture Page Screenshot" library="AppiumLibrary">
<doc>Takes a screenshot of the current page and embeds it into the log.</doc>
<status status="NOT RUN" starttime="20211212 20:59:41.950" endtime="20211212 20:59:41.951"/>
</kw>
<kw name="Close Application" library="apiDemosPage" type="TEARDOWN">
<kw name="Capture Page Screenshot" library="AppiumLibrary">
<doc>Takes a screenshot of the current page and embeds it into the log.</doc>
<msg timestamp="20211212 20:59:42.743" level="INFO" html="true">&lt;/td&gt;&lt;/tr&gt;&lt;tr&gt;&lt;td colspan="3"&gt;&lt;a href="appium-screenshot-9.png"&gt;&lt;img src="appium-screenshot-9.png" width="800px"&gt;&lt;/a&gt;</msg>
<status status="PASS" starttime="20211212 20:59:41.953" endtime="20211212 20:59:42.744"/>
</kw>
<kw name="Quit Application" library="AppiumLibrary">
<doc>Quit application. Application can be quit while Appium session is kept alive.
This keyword can be used to close application during test case or between test cases.</doc>
<status status="PASS" starttime="20211212 20:59:42.744" endtime="20211212 20:59:43.048"/>
</kw>
<status status="PASS" starttime="20211212 20:59:41.952" endtime="20211212 20:59:43.049"/>
</kw>
<status status="FAIL" starttime="20211212 20:59:22.716" endtime="20211212 20:59:43.052">Variable '${custom_view}' not found.</status>
</test>
<test id="s1-t6" name="As a user I want to check Animation Page">
<kw name="Start Session" library="apiDemosPage" type="SETUP">
<kw name="Set Appium Timeout" library="AppiumLibrary">
<arg>10</arg>
<doc>Sets the timeout in seconds used by various keywords.</doc>
<status status="PASS" starttime="20211212 20:59:43.060" endtime="20211212 20:59:43.061"/>
</kw>
<kw name="Open Application" library="AppiumLibrary">
<arg>http://localhost:4723/wd/hub</arg>
<arg>automationName-=UiAutomator2</arg>
<arg>platformName=Android</arg>
<arg>deviceName=emulator-5554</arg>
<arg>appPackage=io.appium.android.apis</arg>
<arg>appActivity=io.appium.android.apis.ApiDemos</arg>
<arg>autoGrantPermissions=true</arg>
<arg>noReset=true</arg>
<doc>Opens a new application to given Appium server.
Capabilities of appium server, Android and iOS,
Please check https://github.com/appium/appium/blob/master/docs/en/writing-running-appium/server-args.md
| *Option*            | *Man.* | *Description*     |
| remote_url          | Yes    | Appium server url |
| alias               | no     | alias             |</doc>
<status status="PASS" starttime="20211212 20:59:43.062" endtime="20211212 20:59:57.644"/>
</kw>
<kw name="Sleep" library="BuiltIn">
<arg>1</arg>
<doc>Pauses the test executed for the given time.</doc>
<msg timestamp="20211212 20:59:58.660" level="INFO">Slept 1 second</msg>
<status status="PASS" starttime="20211212 20:59:57.644" endtime="20211212 20:59:58.660"/>
</kw>
<status status="PASS" starttime="20211212 20:59:43.059" endtime="20211212 20:59:58.661"/>
</kw>
<kw name="Tap Animation" library="apiDemosPage">
<kw name="Tap" library="AppiumLibrary">
<arg>${animation}</arg>
<doc>Tap element identified by ``locator``. </doc>
<msg timestamp="20211212 20:59:58.672" level="FAIL">Variable '${animation}' not found.</msg>
<status status="FAIL" starttime="20211212 20:59:58.666" endtime="20211212 20:59:58.672"/>
</kw>
<status status="FAIL" starttime="20211212 20:59:58.664" endtime="20211212 20:59:58.678"/>
</kw>
<kw name="Sleep" library="BuiltIn">
<arg>1</arg>
<doc>Pauses the test executed for the given time.</doc>
<status status="NOT RUN" starttime="20211212 20:59:58.683" endtime="20211212 20:59:58.683"/>
</kw>
<kw name="Page Should Contain">
<arg>Bouncing Balls</arg>
<status status="NOT RUN" starttime="20211212 20:59:58.709" endtime="20211212 20:59:58.709"/>
</kw>
<kw name="Capture Page Screenshot" library="AppiumLibrary">
<doc>Takes a screenshot of the current page and embeds it into the log.</doc>
<status status="NOT RUN" starttime="20211212 20:59:58.712" endtime="20211212 20:59:58.713"/>
</kw>
<kw name="Close Application" library="apiDemosPage" type="TEARDOWN">
<kw name="Capture Page Screenshot" library="AppiumLibrary">
<doc>Takes a screenshot of the current page and embeds it into the log.</doc>
<msg timestamp="20211212 20:59:59.966" level="INFO" html="true">&lt;/td&gt;&lt;/tr&gt;&lt;tr&gt;&lt;td colspan="3"&gt;&lt;a href="appium-screenshot-10.png"&gt;&lt;img src="appium-screenshot-10.png" width="800px"&gt;&lt;/a&gt;</msg>
<status status="PASS" starttime="20211212 20:59:58.717" endtime="20211212 20:59:59.967"/>
</kw>
<kw name="Quit Application" library="AppiumLibrary">
<doc>Quit application. Application can be quit while Appium session is kept alive.
This keyword can be used to close application during test case or between test cases.</doc>
<status status="PASS" starttime="20211212 20:59:59.967" endtime="20211212 21:00:00.087"/>
</kw>
<status status="PASS" starttime="20211212 20:59:58.715" endtime="20211212 21:00:00.088"/>
</kw>
<status status="FAIL" starttime="20211212 20:59:43.057" endtime="20211212 21:00:00.089">Variable '${animation}' not found.</status>
</test>
<status status="FAIL" starttime="20211212 20:57:44.308" endtime="20211212 21:00:00.094"/>
</suite>
<statistics>
<total>
<stat pass="4" fail="2" skip="0">All Tests</stat>
</total>
<tag>
</tag>
<suite>
<stat pass="4" fail="2" skip="0" id="s1" name="apiDemosStep">apiDemosStep</stat>
</suite>
</statistics>
<errors>
</errors>
</robot>
